20170214
V1.0.1
添加登录功能

20170215
V1.0.2
添加套餐分类
添加搜索功能


20170217
V1.0.3
解决打印不在一行的问题

20170227 
V1.0.4
为了月结，增加同步功能


20170407
V1.0.5
添加返利列表


20170407
V1.0.6
添加返利列表


20170408
V1.0.7
添加批量查询


20170413
V1.0.8
添加过滤套餐


20170428
V1.0.9
添加用量汇总


20170605
V1.1.3
批量添加用户

20170612
V1.1.5
批量添加用户


20170614
V1.1.7
打印子用户树


20170617
V1.1.9
优化显示


20170623
V1.2.0
增加了按卡源汇总续费数据


20170623
V1.2.1
增加了同步按50个一组

20170627
V1.2.2
增加了三个时间段的续费汇总

20170628
V1.2.3
增加了高德续费


20170629
V1.2.4
增加了预扣费功能


20170630
V1.2.5
增加了域名切换 过滤了(卡量)

20170715
V1.2.6
增加了重要客户续费情况

20170718
V1.2.7
增加了重要客户续费情况

20170720
V1.2.8
增加了配置文件
增加收款方

20170722
V1.2.9
增加了日均续费额

20170724
V1.3.0
增加了建账号时过滤

20170811
V1.3.1
增加了右键打印holdID

20170813
V1.3.2
增加批量修改周期用量

20170818
V1.3.3
增加批量查询套餐

20170908
V1.3.5
优化
20170924
V1.3.6
查询套餐只查询当前选中用户的，不包括下级
V1.3.7
优化续费对比


V1.3.8
优化续费率计算，和平台一致

V1.3.9
增加检查卡的续费套餐功能

V1.4.0
优化打印子用户

V1.4.0.1
优化周对比  

V1.4.0.5
添加激活统计 

V1.4.0.6
添加卡分布的ICCID

V1.4.0.7
添加续费用量
V1.4.0.8
续费用量竖着排列
V1.4.0.9
批量返利查询